<?xml version="1.0" encoding="UTF-8"?>
<!-- Generated by org.testng.reporters.JUnitXMLReporter -->
<testsuite ignored="0" hostname="LAPTOP-JE40O75P" failures="0" tests="3" name="Test1" time="18.427" errors="0" timestamp="2022-11-08T17:53:37 IST">
  <testcase classname="PomPractice.CreateContactTest" name="createContactDemo" time="0.001"/>
  <testcase classname="PomPractice.CreateContactTest" name="createContactTest" time="5.633"/>
  <testcase classname="PomPractice.CreateContactTest" name="createLeadSource" time="0.002"/>
</testsuite> <!-- Test1 -->
