<?xml version="1.0" encoding="UTF-8"?>
<!-- Generated by org.testng.reporters.JUnitXMLReporter -->
<testsuite ignored="2" hostname="LAPTOP-JE40O75P" failures="0" tests="1" name="Test" time="5.622" errors="0" timestamp="2022-11-08T17:45:43 IST">
  <testcase classname="PomPractice.CreateContactTest" name="createContactDemo" time="0.01"/>
  <testcase classname="PomPractice.CreateContactTest" name="createContactTest" time="0.0">
    <ignored/>
  </testcase> <!-- createContactTest -->
  <testcase classname="PomPractice.CreateContactTest" name="createLeadSource" time="0.0">
    <ignored/>
  </testcase> <!-- createLeadSource -->
</testsuite> <!-- Test -->
