<?xml version="1.0" encoding="UTF-8"?>
<!-- Generated by org.testng.reporters.JUnitXMLReporter -->
<testsuite ignored="0" hostname="LAPTOP-JE40O75P" failures="0" tests="3" name="Test Run-Chrome Browser" time="20.035" errors="0" timestamp="2022-11-09T12:38:08 IST">
  <testcase classname="PomPractice.CreateContactTest" name="createContactDemo" time="0.008"/>
  <testcase classname="PomPractice.CreateContactTest" name="createContactTest" time="6.603"/>
  <testcase classname="PomPractice.CreateContactTest" name="createLeadSource" time="0.001"/>
</testsuite> <!-- Test Run-Chrome Browser -->
