<?xml version="1.0" encoding="UTF-8"?>
<testng-results ignored="0" total="1" passed="1" failed="0" skipped="0">
  <reporter-output>
  </reporter-output>
  <suite started-at="2022-11-11T12:43:32 IST" name="Default suite" finished-at="2022-11-11T12:44:01 IST" duration-ms="28787">
    <groups>
      <group name="smokeSuite">
        <method signature="CreateContactWithOrgPOMTest.createContactWithOrgPOMTest()[pri:0, instance:PomPractice.CreateContactWithOrgPOMTest@1151e434]" name="createContactWithOrgPOMTest" class="PomPractice.CreateContactWithOrgPOMTest"/>
      </group> <!-- smokeSuite -->
    </groups>
    <test started-at="2022-11-11T12:43:32 IST" name="Default test" finished-at="2022-11-11T12:44:01 IST" duration-ms="28787">
      <class name="PomPractice.CreateContactWithOrgPOMTest">
        <test-method is-config="true" signature="bsConfig()[pri:0, instance:PomPractice.CreateContactWithOrgPOMTest@1151e434]" started-at="2022-11-11T12:43:32 IST" name="bsConfig" finished-at="2022-11-11T12:43:32 IST" duration-ms="6" status="PASS">
          <reporter-output>
          </reporter-output>
        </test-method> <!-- bsConfig -->
        <test-method is-config="true" signature="bcConfig()[pri:0, instance:PomPractice.CreateContactWithOrgPOMTest@1151e434]" started-at="2022-11-11T12:43:33 IST" name="bcConfig" finished-at="2022-11-11T12:43:36 IST" duration-ms="3110" status="PASS">
          <reporter-output>
          </reporter-output>
        </test-method> <!-- bcConfig -->
        <test-method is-config="true" signature="bcConfig()[pri:0, instance:PomPractice.CreateContactWithOrgPOMTest@1151e434]" started-at="2022-11-11T12:43:36 IST" name="bcConfig" finished-at="2022-11-11T12:43:38 IST" duration-ms="1784" status="PASS">
          <reporter-output>
          </reporter-output>
        </test-method> <!-- bcConfig -->
        <test-method is-config="true" signature="bmConfig()[pri:0, instance:PomPractice.CreateContactWithOrgPOMTest@1151e434]" started-at="2022-11-11T12:43:38 IST" name="bmConfig" finished-at="2022-11-11T12:43:40 IST" duration-ms="2424" status="PASS">
          <reporter-output>
          </reporter-output>
        </test-method> <!-- bmConfig -->
        <test-method signature="createContactWithOrgPOMTest()[pri:0, instance:PomPractice.CreateContactWithOrgPOMTest@1151e434]" started-at="2022-11-11T12:43:40 IST" name="createContactWithOrgPOMTest" finished-at="2022-11-11T12:43:59 IST" duration-ms="19322" status="PASS">
          <reporter-output>
          </reporter-output>
        </test-method> <!-- createContactWithOrgPOMTest -->
        <test-method is-config="true" signature="amConfig()[pri:0, instance:PomPractice.CreateContactWithOrgPOMTest@1151e434]" started-at="2022-11-11T12:43:59 IST" name="amConfig" finished-at="2022-11-11T12:44:01 IST" duration-ms="1626" status="PASS">
          <reporter-output>
          </reporter-output>
        </test-method> <!-- amConfig -->
        <test-method is-config="true" signature="acConfig()[pri:0, instance:PomPractice.CreateContactWithOrgPOMTest@1151e434]" started-at="2022-11-11T12:44:01 IST" name="acConfig" finished-at="2022-11-11T12:44:01 IST" duration-ms="229" status="PASS">
          <reporter-output>
          </reporter-output>
        </test-method> <!-- acConfig -->
        <test-method is-config="true" signature="asConfig()[pri:0, instance:PomPractice.CreateContactWithOrgPOMTest@1151e434]" started-at="2022-11-11T12:44:02 IST" name="asConfig" finished-at="2022-11-11T12:44:02 IST" duration-ms="1" status="PASS">
          <reporter-output>
          </reporter-output>
        </test-method> <!-- asConfig -->
      </class> <!-- PomPractice.CreateContactWithOrgPOMTest -->
    </test> <!-- Default test -->
  </suite> <!-- Default suite -->
</testng-results>
